<?xml version="1.0" encoding="UTF-8"?>
<!-- Generated by org.testng.reporters.JUnitReportReporter -->
<testsuite hostname="DESKTOP-7UV0A7E" failures="0" tests="1" name="demo.tests.DemoTest" time="0.005" errors="0" timestamp="2023-03-25T15:30:15 IST" skipped="0">
  <testcase classname="demo.tests.DemoTest" name="f" time="0.005"/>
  <system-out/>
</testsuite> <!-- demo.tests.DemoTest -->
